<?xml version="1.0" encoding="UTF-8"?>
<!-- Generated by org.testng.reporters.JUnitReportReporter -->
<testsuite hostname="DESKTOP-T8JE89P" failures="0" tests="1" name="com.ui.tests.ErrorValidations" time="37.572" errors="0" timestamp="2024-12-15T15:56:56 IST" skipped="0">
  <testcase classname="com.ui.tests.ErrorValidations" name="verifyLoginWithInvaliData" time="37.572"/>
</testsuite> <!-- com.ui.tests.ErrorValidations -->
