<?xml version="1.0" encoding="UTF-8"?>
<!-- Generated by org.testng.reporters.JUnitReportReporter -->
<testsuite hostname="DESKTOP-T8JE89P" failures="0" tests="1" name="com.ExtentReport.ExtentReportDemo" time="11.718" errors="0" timestamp="2024-12-15T13:03:53 IST" skipped="0">
  <testcase classname="com.ExtentReport.ExtentReportDemo" name="initialDemo" time="11.718"/>
</testsuite> <!-- com.ExtentReport.ExtentReportDemo -->
