<?xml version="1.0" encoding="UTF-8"?>
<!-- Generated by org.testng.reporters.JUnitReportReporter -->
<testsuite hostname="DESKTOP-T8JE89P" failures="0" tests="3" name="com.ui.tests.LoginTest" time="57.291" errors="0" timestamp="2024-12-17T00:56:33 IST" skipped="0">
  <testcase classname="com.ui.tests.LoginTest" name="submitOrder" time="22.120"/>
  <testcase classname="com.ui.tests.LoginTest" name="verifyorderHistory" time="11.781"/>
  <testcase classname="com.ui.tests.LoginTest" name="submitOrder" time="23.390"/>
</testsuite> <!-- com.ui.tests.LoginTest -->
