<?xml version="1.0" encoding="UTF-8"?>
<!-- Generated by org.testng.reporters.JUnitReportReporter -->
<testsuite hostname="DESKTOP-T8JE89P" failures="0" tests="1" name="com.ui.tests.ErrorValidationsTest" time="18.128" errors="0" timestamp="2024-12-17T00:56:33 IST" skipped="0">
  <testcase classname="com.ui.tests.ErrorValidationsTest" name="verifyLoginWithInvaliData" time="18.128"/>
</testsuite> <!-- com.ui.tests.ErrorValidationsTest -->
